<?xml version="1.0" encoding="UTF-8"?>
<!-- Generated by org.testng.reporters.JUnitReportReporter -->
<testsuite hostname="DESKTOP-GE6LMT5" failures="0" tests="2" name="Test.TestCase01" time="5.111" errors="0" timestamp="2025-07-29T17:34:23 IST" skipped="0">
  <testcase classname="Test.TestCase01" name="regstration" time="2.268"/>
  <testcase classname="Test.TestCase01" name="regstration" time="2.843"/>
</testsuite> <!-- Test.TestCase01 -->
